<?xml version="1.0" encoding="UTF-8"?>
<!-- Generated by org.testng.reporters.JUnitXMLReporter -->
<testsuite ignored="0" hostname="LAKSHMI-PC" failures="0" tests="3" name="Default test" time="67.781" errors="0" timestamp="2021-01-10T22:51:19 IST">
  <testcase classname="com.freecrm.testcases.HomePageTest" name="clickOnContactsButtonTest" time="1.746"/>
  <testcase classname="com.freecrm.testcases.HomePageTest" name="clickOnCompaniesButtonTest" time="1.62"/>
  <testcase classname="com.freecrm.testcases.HomePageTest" name="clickOnDealsButtonTest" time="1.708"/>
</testsuite> <!-- Default test -->
