<?xml version="1.0" encoding="UTF-8"?>
<testng-results ignored="0" total="4" passed="4" failed="0" skipped="0">
  <reporter-output>
  </reporter-output>
  <suite started-at="2021-01-18T09:39:12 IST" name="PageObjectModel1" finished-at="2021-01-18T09:40:36 IST" duration-ms="83688">
    <groups>
    </groups>
    <test started-at="2021-01-18T09:39:12 IST" name="Test Runner for FreeCRM portal" finished-at="2021-01-18T09:40:36 IST" duration-ms="83688">
      <class name="com.freecrm.testcases.HomePageTest">
        <test-method is-config="true" signature="setUp()[pri:0, instance:com.freecrm.testcases.HomePageTest@19d481b]" started-at="2021-01-18T09:40:00 IST" name="setUp" finished-at="2021-01-18T09:40:16 IST" duration-ms="15531" status="PASS">
          <reporter-output>
          </reporter-output>
        </test-method> <!-- setUp -->
        <test-method signature="validateTitleOfHomePageTest()[pri:1, instance:com.freecrm.testcases.HomePageTest@19d481b]" started-at="2021-01-18T09:40:16 IST" name="validateTitleOfHomePageTest" finished-at="2021-01-18T09:40:16 IST" duration-ms="55" status="PASS">
          <reporter-output>
          </reporter-output>
        </test-method> <!-- validateTitleOfHomePageTest -->
        <test-method is-config="true" signature="tearDown()[pri:0, instance:com.freecrm.testcases.HomePageTest@19d481b]" started-at="2021-01-18T09:40:16 IST" name="tearDown" finished-at="2021-01-18T09:40:16 IST" duration-ms="135" status="PASS">
          <reporter-output>
          </reporter-output>
        </test-method> <!-- tearDown -->
        <test-method is-config="true" signature="setUp()[pri:0, instance:com.freecrm.testcases.HomePageTest@19d481b]" started-at="2021-01-18T09:40:16 IST" name="setUp" finished-at="2021-01-18T09:40:33 IST" duration-ms="17397" status="PASS">
          <reporter-output>
          </reporter-output>
        </test-method> <!-- setUp -->
        <test-method signature="validateCrmLogoTest()[pri:3, instance:com.freecrm.testcases.HomePageTest@19d481b]" started-at="2021-01-18T09:40:33 IST" name="validateCrmLogoTest" finished-at="2021-01-18T09:40:36 IST" duration-ms="2525" status="PASS">
          <reporter-output>
          </reporter-output>
        </test-method> <!-- validateCrmLogoTest -->
        <test-method is-config="true" signature="tearDown()[pri:0, instance:com.freecrm.testcases.HomePageTest@19d481b]" started-at="2021-01-18T09:40:36 IST" name="tearDown" finished-at="2021-01-18T09:40:36 IST" duration-ms="194" status="PASS">
          <reporter-output>
          </reporter-output>
        </test-method> <!-- tearDown -->
      </class> <!-- com.freecrm.testcases.HomePageTest -->
      <class name="com.freecrm.testcases.LoginPageTest">
        <test-method is-config="true" signature="setUp()[pri:0, instance:com.freecrm.testcases.LoginPageTest@51f116b8]" started-at="2021-01-18T09:39:13 IST" name="setUp" finished-at="2021-01-18T09:39:37 IST" duration-ms="24508" status="PASS">
          <reporter-output>
          </reporter-output>
        </test-method> <!-- setUp -->
        <test-method signature="validateTitleOfLoginPageTest()[pri:1, instance:com.freecrm.testcases.LoginPageTest@51f116b8]" started-at="2021-01-18T09:39:37 IST" name="validateTitleOfLoginPageTest" finished-at="2021-01-18T09:39:37 IST" duration-ms="295" status="PASS">
          <reporter-output>
          </reporter-output>
        </test-method> <!-- validateTitleOfLoginPageTest -->
        <test-method is-config="true" signature="tearDown()[pri:0, instance:com.freecrm.testcases.LoginPageTest@51f116b8]" started-at="2021-01-18T09:39:37 IST" name="tearDown" finished-at="2021-01-18T09:39:38 IST" duration-ms="470" status="PASS">
          <reporter-output>
          </reporter-output>
        </test-method> <!-- tearDown -->
        <test-method is-config="true" signature="setUp()[pri:0, instance:com.freecrm.testcases.LoginPageTest@51f116b8]" started-at="2021-01-18T09:39:38 IST" name="setUp" finished-at="2021-01-18T09:39:59 IST" duration-ms="21122" status="PASS">
          <reporter-output>
          </reporter-output>
        </test-method> <!-- setUp -->
        <test-method signature="loginTest()[pri:2, instance:com.freecrm.testcases.LoginPageTest@51f116b8]" started-at="2021-01-18T09:39:59 IST" name="loginTest" finished-at="2021-01-18T09:40:00 IST" duration-ms="1140" status="PASS">
          <reporter-output>
          </reporter-output>
        </test-method> <!-- loginTest -->
        <test-method is-config="true" signature="tearDown()[pri:0, instance:com.freecrm.testcases.LoginPageTest@51f116b8]" started-at="2021-01-18T09:40:00 IST" name="tearDown" finished-at="2021-01-18T09:40:00 IST" duration-ms="169" status="PASS">
          <reporter-output>
          </reporter-output>
        </test-method> <!-- tearDown -->
      </class> <!-- com.freecrm.testcases.LoginPageTest -->
    </test> <!-- Test Runner for FreeCRM portal -->
  </suite> <!-- PageObjectModel1 -->
</testng-results>
