<?xml version="1.0" encoding="UTF-8"?>
<testng-results ignored="0" total="3" passed="3" failed="0" skipped="0">
  <reporter-output>
  </reporter-output>
  <suite started-at="2021-01-10T22:50:11 IST" name="Default suite" finished-at="2021-01-10T22:51:19 IST" duration-ms="67781">
    <groups>
    </groups>
    <test started-at="2021-01-10T22:50:11 IST" name="Default test" finished-at="2021-01-10T22:51:19 IST" duration-ms="67781">
      <class name="com.freecrm.testcases.HomePageTest">
        <test-method is-config="true" signature="setUp()[pri:0, instance:com.freecrm.testcases.HomePageTest@7ee955a8]" started-at="2021-01-10T22:50:11 IST" name="setUp" finished-at="2021-01-10T22:50:20 IST" duration-ms="9023" status="PASS">
          <reporter-output>
          </reporter-output>
        </test-method> <!-- setUp -->
        <test-method signature="clickOnContactsButtonTest()[pri:4, instance:com.freecrm.testcases.HomePageTest@7ee955a8]" started-at="2021-01-10T22:50:20 IST" name="clickOnContactsButtonTest" finished-at="2021-01-10T22:50:22 IST" duration-ms="1746" status="PASS">
          <reporter-output>
          </reporter-output>
        </test-method> <!-- clickOnContactsButtonTest -->
        <test-method is-config="true" signature="tearDown()[pri:0, instance:com.freecrm.testcases.HomePageTest@7ee955a8]" started-at="2021-01-10T22:50:22 IST" name="tearDown" finished-at="2021-01-10T22:50:22 IST" duration-ms="1" status="PASS">
          <reporter-output>
          </reporter-output>
        </test-method> <!-- tearDown -->
        <test-method is-config="true" signature="setUp()[pri:0, instance:com.freecrm.testcases.HomePageTest@7ee955a8]" started-at="2021-01-10T22:50:22 IST" name="setUp" finished-at="2021-01-10T22:50:44 IST" duration-ms="22291" status="PASS">
          <reporter-output>
          </reporter-output>
        </test-method> <!-- setUp -->
        <test-method signature="clickOnCompaniesButtonTest()[pri:5, instance:com.freecrm.testcases.HomePageTest@7ee955a8]" started-at="2021-01-10T22:50:44 IST" name="clickOnCompaniesButtonTest" finished-at="2021-01-10T22:50:46 IST" duration-ms="1620" status="PASS">
          <reporter-output>
          </reporter-output>
        </test-method> <!-- clickOnCompaniesButtonTest -->
        <test-method is-config="true" signature="tearDown()[pri:0, instance:com.freecrm.testcases.HomePageTest@7ee955a8]" started-at="2021-01-10T22:50:46 IST" name="tearDown" finished-at="2021-01-10T22:50:46 IST" duration-ms="1" status="PASS">
          <reporter-output>
          </reporter-output>
        </test-method> <!-- tearDown -->
        <test-method is-config="true" signature="setUp()[pri:0, instance:com.freecrm.testcases.HomePageTest@7ee955a8]" started-at="2021-01-10T22:50:46 IST" name="setUp" finished-at="2021-01-10T22:51:17 IST" duration-ms="31316" status="PASS">
          <reporter-output>
          </reporter-output>
        </test-method> <!-- setUp -->
        <test-method signature="clickOnDealsButtonTest()[pri:6, instance:com.freecrm.testcases.HomePageTest@7ee955a8]" started-at="2021-01-10T22:51:17 IST" name="clickOnDealsButtonTest" finished-at="2021-01-10T22:51:19 IST" duration-ms="1708" status="PASS">
          <reporter-output>
          </reporter-output>
        </test-method> <!-- clickOnDealsButtonTest -->
        <test-method is-config="true" signature="tearDown()[pri:0, instance:com.freecrm.testcases.HomePageTest@7ee955a8]" started-at="2021-01-10T22:51:19 IST" name="tearDown" finished-at="2021-01-10T22:51:19 IST" duration-ms="1" status="PASS">
          <reporter-output>
          </reporter-output>
        </test-method> <!-- tearDown -->
      </class> <!-- com.freecrm.testcases.HomePageTest -->
    </test> <!-- Default test -->
  </suite> <!-- Default suite -->
</testng-results>
